{"C:\\Users\\DELL\\devops-pipeline-app\\index.js": {"path":"C:\\Users\\DELL\\devops-pipeline-app\\index.js","statementMap":{"0":{"start":{"line":5,"column":12},"end":{"line":5,"column":21}},"1":{"start":{"line":6,"column":13},"end":{"line":6,"column":37}},"2":{"start":{"line":7,"column":15},"end":{"line":7,"column":51}},"3":{"start":{"line":9,"column":0},"end":{"line":9,"column":27}},"4":{"start":{"line":11,"column":12},"end":{"line":14,"column":1}},"5":{"start":{"line":17,"column":0},"end":{"line":24,"column":3}},"6":{"start":{"line":18,"column":33},"end":{"line":18,"column":41}},"7":{"start":{"line":19,"column":2},"end":{"line":22,"column":3}},"8":{"start":{"line":20,"column":18},"end":{"line":20,"column":75}},"9":{"start":{"line":21,"column":4},"end":{"line":21,"column":31}},"10":{"start":{"line":23,"column":2},"end":{"line":23,"column":46}},"11":{"start":{"line":27,"column":17},"end":{"line":27,"column":45}},"12":{"start":{"line":28,"column":2},"end":{"line":28,"column":60}},"13":{"start":{"line":28,"column":15},"end":{"line":28,"column":60}},"14":{"start":{"line":29,"column":16},"end":{"line":29,"column":36}},"15":{"start":{"line":30,"column":2},"end":{"line":34,"column":5}},"16":{"start":{"line":31,"column":4},"end":{"line":31,"column":58}},"17":{"start":{"line":31,"column":13},"end":{"line":31,"column":58}},"18":{"start":{"line":32,"column":4},"end":{"line":32,"column":20}},"19":{"start":{"line":33,"column":4},"end":{"line":33,"column":11}},"20":{"start":{"line":38,"column":0},"end":{"line":38,"column":63}},"21":{"start":{"line":38,"column":46},"end":{"line":38,"column":61}},"22":{"start":{"line":40,"column":0},"end":{"line":44,"column":3}},"23":{"start":{"line":41,"column":18},"end":{"line":41,"column":55}},"24":{"start":{"line":42,"column":2},"end":{"line":42,"column":22}},"25":{"start":{"line":43,"column":2},"end":{"line":43,"column":32}},"26":{"start":{"line":46,"column":0},"end":{"line":51,"column":3}},"27":{"start":{"line":47,"column":15},"end":{"line":47,"column":53}},"28":{"start":{"line":47,"column":31},"end":{"line":47,"column":52}},"29":{"start":{"line":48,"column":2},"end":{"line":48,"column":59}},"30":{"start":{"line":48,"column":13},"end":{"line":48,"column":59}},"31":{"start":{"line":49,"column":2},"end":{"line":49,"column":32}},"32":{"start":{"line":50,"column":2},"end":{"line":50,"column":17}},"33":{"start":{"line":53,"column":0},"end":{"line":56,"column":3}},"34":{"start":{"line":54,"column":2},"end":{"line":54,"column":51}},"35":{"start":{"line":54,"column":28},"end":{"line":54,"column":49}},"36":{"start":{"line":55,"column":2},"end":{"line":55,"column":25}},"37":{"start":{"line":59,"column":0},"end":{"line":59,"column":87}},"38":{"start":{"line":59,"column":33},"end":{"line":59,"column":85}},"39":{"start":{"line":60,"column":0},"end":{"line":60,"column":115}},"40":{"start":{"line":60,"column":34},"end":{"line":60,"column":113}},"41":{"start":{"line":63,"column":0},"end":{"line":65,"column":1}},"42":{"start":{"line":64,"column":2},"end":{"line":64,"column":72}},"43":{"start":{"line":64,"column":25},"end":{"line":64,"column":70}}},"fnMap":{"0":{"name":"(anonymous_0)","decl":{"start":{"line":17,"column":19},"end":{"line":17,"column":20}},"loc":{"start":{"line":17,"column":33},"end":{"line":24,"column":1}},"line":17},"1":{"name":"authenticate","decl":{"start":{"line":26,"column":9},"end":{"line":26,"column":21}},"loc":{"start":{"line":26,"column":38},"end":{"line":35,"column":1}},"line":26},"2":{"name":"(anonymous_2)","decl":{"start":{"line":30,"column":28},"end":{"line":30,"column":29}},"loc":{"start":{"line":30,"column":43},"end":{"line":34,"column":3}},"line":30},"3":{"name":"(anonymous_3)","decl":{"start":{"line":38,"column":32},"end":{"line":38,"column":33}},"loc":{"start":{"line":38,"column":46},"end":{"line":38,"column":61}},"line":38},"4":{"name":"(anonymous_4)","decl":{"start":{"line":40,"column":33},"end":{"line":40,"column":34}},"loc":{"start":{"line":40,"column":47},"end":{"line":44,"column":1}},"line":40},"5":{"name":"(anonymous_5)","decl":{"start":{"line":46,"column":36},"end":{"line":46,"column":37}},"loc":{"start":{"line":46,"column":50},"end":{"line":51,"column":1}},"line":46},"6":{"name":"(anonymous_6)","decl":{"start":{"line":47,"column":26},"end":{"line":47,"column":27}},"loc":{"start":{"line":47,"column":31},"end":{"line":47,"column":52}},"line":47},"7":{"name":"(anonymous_7)","decl":{"start":{"line":53,"column":39},"end":{"line":53,"column":40}},"loc":{"start":{"line":53,"column":53},"end":{"line":56,"column":1}},"line":53},"8":{"name":"(anonymous_8)","decl":{"start":{"line":54,"column":23},"end":{"line":54,"column":24}},"loc":{"start":{"line":54,"column":28},"end":{"line":54,"column":49}},"line":54},"9":{"name":"(anonymous_9)","decl":{"start":{"line":59,"column":19},"end":{"line":59,"column":20}},"loc":{"start":{"line":59,"column":33},"end":{"line":59,"column":85}},"line":59},"10":{"name":"(anonymous_10)","decl":{"start":{"line":60,"column":20},"end":{"line":60,"column":21}},"loc":{"start":{"line":60,"column":34},"end":{"line":60,"column":113}},"line":60},"11":{"name":"(anonymous_11)","decl":{"start":{"line":64,"column":19},"end":{"line":64,"column":20}},"loc":{"start":{"line":64,"column":25},"end":{"line":64,"column":70}},"line":64}},"branchMap":{"0":{"loc":{"start":{"line":6,"column":13},"end":{"line":6,"column":37}},"type":"binary-expr","locations":[{"start":{"line":6,"column":13},"end":{"line":6,"column":29}},{"start":{"line":6,"column":33},"end":{"line":6,"column":37}}],"line":6},"1":{"loc":{"start":{"line":7,"column":15},"end":{"line":7,"column":51}},"type":"binary-expr","locations":[{"start":{"line":7,"column":15},"end":{"line":7,"column":37}},{"start":{"line":7,"column":41},"end":{"line":7,"column":51}}],"line":7},"2":{"loc":{"start":{"line":19,"column":2},"end":{"line":22,"column":3}},"type":"if","locations":[{"start":{"line":19,"column":2},"end":{"line":22,"column":3}},{"start":{},"end":{}}],"line":19},"3":{"loc":{"start":{"line":19,"column":6},"end":{"line":19,"column":53}},"type":"binary-expr","locations":[{"start":{"line":19,"column":6},"end":{"line":19,"column":26}},{"start":{"line":19,"column":30},"end":{"line":19,"column":53}}],"line":19},"4":{"loc":{"start":{"line":28,"column":2},"end":{"line":28,"column":60}},"type":"if","locations":[{"start":{"line":28,"column":2},"end":{"line":28,"column":60}},{"start":{},"end":{}}],"line":28},"5":{"loc":{"start":{"line":31,"column":4},"end":{"line":31,"column":58}},"type":"if","locations":[{"start":{"line":31,"column":4},"end":{"line":31,"column":58}},{"start":{},"end":{}}],"line":31},"6":{"loc":{"start":{"line":48,"column":2},"end":{"line":48,"column":59}},"type":"if","locations":[{"start":{"line":48,"column":2},"end":{"line":48,"column":59}},{"start":{},"end":{}}],"line":48},"7":{"loc":{"start":{"line":63,"column":0},"end":{"line":65,"column":1}},"type":"if","locations":[{"start":{"line":63,"column":0},"end":{"line":65,"column":1}},{"start":{},"end":{}}],"line":63}},"s":{"0":1,"1":1,"2":1,"3":1,"4":1,"5":1,"6":1,"7":1,"8":1,"9":1,"10":0,"11":4,"12":4,"13":0,"14":4,"15":4,"16":4,"17":0,"18":4,"19":4,"20":1,"21":1,"22":1,"23":1,"24":1,"25":1,"26":1,"27":1,"28":1,"29":1,"30":0,"31":1,"32":1,"33":1,"34":1,"35":3,"36":1,"37":1,"38":0,"39":1,"40":0,"41":1,"42":0,"43":0},"f":{"0":1,"1":4,"2":4,"3":1,"4":1,"5":1,"6":1,"7":1,"8":3,"9":0,"10":0,"11":0},"b":{"0":[1,1],"1":[1,1],"2":[1,0],"3":[1,1],"4":[0,4],"5":[0,4],"6":[0,1],"7":[0,1]},"inputSourceMap":null,"_coverageSchema":"1a1c01bbd47fc00a2c39e90264f33305004495a9","hash":"d24c737747693eafbe28674c971a45d26d497210"}
}
