TN:
SF:index.js
FN:17,(anonymous_0)
FN:26,authenticate
FN:30,(anonymous_2)
FN:38,(anonymous_3)
FN:40,(anonymous_4)
FN:46,(anonymous_5)
FN:47,(anonymous_6)
FN:53,(anonymous_7)
FN:54,(anonymous_8)
FN:59,(anonymous_9)
FN:60,(anonymous_10)
FN:64,(anonymous_11)
FNF:12
FNH:9
FNDA:1,(anonymous_0)
FNDA:4,authenticate
FNDA:4,(anonymous_2)
FNDA:1,(anonymous_3)
FNDA:1,(anonymous_4)
FNDA:1,(anonymous_5)
FNDA:1,(anonymous_6)
FNDA:1,(anonymous_7)
FNDA:3,(anonymous_8)
FNDA:0,(anonymous_9)
FNDA:0,(anonymous_10)
FNDA:0,(anonymous_11)
DA:5,1
DA:6,1
DA:7,1
DA:9,1
DA:11,1
DA:17,1
DA:18,1
DA:19,1
DA:20,1
DA:21,1
DA:23,0
DA:27,4
DA:28,4
DA:29,4
DA:30,4
DA:31,4
DA:32,4
DA:33,4
DA:38,1
DA:40,1
DA:41,1
DA:42,1
DA:43,1
DA:46,1
DA:47,1
DA:48,1
DA:49,1
DA:50,1
DA:53,1
DA:54,3
DA:55,1
DA:59,1
DA:60,1
DA:63,1
DA:64,0
LF:35
LH:33
BRDA:6,0,0,1
BRDA:6,0,1,1
BRDA:7,1,0,1
BRDA:7,1,1,1
BRDA:19,2,0,1
BRDA:19,2,1,0
BRDA:19,3,0,1
BRDA:19,3,1,1
BRDA:28,4,0,0
BRDA:28,4,1,4
BRDA:31,5,0,0
BRDA:31,5,1,4
BRDA:48,6,0,0
BRDA:48,6,1,1
BRDA:63,7,0,0
BRDA:63,7,1,1
BRF:16
BRH:11
end_of_record
